2020-06-10 01:13:33,121:apiManager:Stats retrieval: SUCCESS
2020-06-10 03:46:09,710:apiManager:getCountrySummary connection successful
2020-06-10 03:47:32,732:apiManager:getStateSummary connection successful
2020-06-12 16:42:42,685:__main__:intent - search_state
2020-06-12 16:42:43,122:apiManager:getStateData connection successful
2020-06-12 16:42:43,535:apiManager:getTestData connection successful
2020-06-12 16:42:47,933:__main__:search_state executed SUCCESSFULLY
2020-06-12 16:43:15,177:__main__:intent - search_state - yes
2020-06-12 16:43:15,435:apiManager:getStateData connection successful
2020-06-12 16:43:16,092:apiManager:dailyStateData connection successful
2020-06-12 16:43:16,117:apiManager:dailyStateData stats retrieval: SUCCESSFUL
2020-06-12 16:43:22,752:__main__:search_state - yes executed SUCCESSFULLY
2020-06-12 16:43:43,225:__main__:intent - search_state
2020-06-12 16:43:43,226:__main__:Biaaahaaaar not a valid indian state name
2020-06-12 16:45:34,587:apiManager:getDistrictData connection successful
2020-06-12 16:48:10,718:apiManager:getDistrictData connection successful
2020-06-12 16:48:12,948:apiManager:totalDistrictData connection successful
2020-06-12 16:51:25,866:apiManager:getCountryData connection successful
2020-06-12 16:51:41,173:apiManager:getCountryData connection successful
2020-06-12 16:53:52,237:apiManager:getCountryData connection successful
2020-06-12 16:53:52,796:apiManager:dailyCountryData connection successful
2020-06-12 16:54:39,974:apiManager:getWorldData connection successful
2020-06-12 16:55:07,163:apiManager:getWorldData connection successful
2020-06-12 16:56:12,879:apiManager:getTodayData connection successful
2020-06-12 16:56:48,549:apiManager:getZoneData connection successful
2020-06-12 16:57:32,056:apiManager:getCountrySummary connection successful
2020-06-12 16:58:49,762:apiManager:getCountrySummary connection successful
2020-06-12 17:14:42,168:apiManager:getCountryData connection successful
2020-06-12 17:15:54,543:apiManager:getCountrySummary connection successful
2020-06-12 17:16:31,221:apiManager:getStateSummary connection successful
2020-06-12 18:29:07,525:apiManager:getCountrySummary connection successful
2020-06-12 18:43:55,556:apiManager:getStateSummary connection successful
2020-06-12 18:44:29,404:apiManager:getCountrySummary connection successful
2020-07-04 19:18:30,106:apiManager:getCountryData connection successful
2020-07-04 19:18:45,272:apiManager:getStateData connection successful
2020-07-04 19:18:45,391:apiManager:getTestData connection successful
