2020-06-12 16:43:15,518:plotManager:Folder already exists.
Traceback (most recent call last):
  File "/home/vivek/PycharmProjects/chatbot/plotManager.py", line 60, in donut_chart
    os.mkdir(path)
FileExistsError: [Errno 17] File exists: 'static/images/0aa47b7e-d58d-d972-ed9a-a4daf3169eec'
2020-06-12 16:43:15,751:plotManager:Bihar donut chart generated SUCCESSFULLY
2020-06-12 16:43:16,365:plotManager:Folder already exists.
Traceback (most recent call last):
  File "/home/vivek/PycharmProjects/chatbot/plotManager.py", line 31, in bar_plot
    os.mkdir(path)
FileExistsError: [Errno 17] File exists: 'static/images/0aa47b7e-d58d-d972-ed9a-a4daf3169eec'
2020-06-12 16:43:16,794:plotManager:Daily Confirmed Cases bar chart generated SUCCESSFULLY
2020-06-12 16:43:16,962:plotManager:Folder already exists.
Traceback (most recent call last):
  File "/home/vivek/PycharmProjects/chatbot/plotManager.py", line 31, in bar_plot
    os.mkdir(path)
FileExistsError: [Errno 17] File exists: 'static/images/0aa47b7e-d58d-d972-ed9a-a4daf3169eec'
2020-06-12 16:43:17,380:plotManager:Daily Active Cases bar chart generated SUCCESSFULLY
2020-06-12 16:43:17,554:plotManager:Folder already exists.
Traceback (most recent call last):
  File "/home/vivek/PycharmProjects/chatbot/plotManager.py", line 31, in bar_plot
    os.mkdir(path)
FileExistsError: [Errno 17] File exists: 'static/images/0aa47b7e-d58d-d972-ed9a-a4daf3169eec'
2020-06-12 16:43:17,975:plotManager:Daily Recovered bar chart generated SUCCESSFULLY
2020-06-12 16:43:18,146:plotManager:Folder already exists.
Traceback (most recent call last):
  File "/home/vivek/PycharmProjects/chatbot/plotManager.py", line 31, in bar_plot
    os.mkdir(path)
FileExistsError: [Errno 17] File exists: 'static/images/0aa47b7e-d58d-d972-ed9a-a4daf3169eec'
2020-06-12 16:43:18,568:plotManager:Daily Deaths bar chart generated SUCCESSFULLY
2020-06-12 16:48:10,761:plotManager:Folder already exists.
Traceback (most recent call last):
  File "/home/vivek/PycharmProjects/chatbot/plotManager.py", line 60, in donut_chart
    os.mkdir(path)
FileExistsError: [Errno 17] File exists: 'static/images/0aa47b7e-d58d-d972-ed9a-a4daf3169eec'
2020-06-12 16:48:10,870:plotManager:Saran donut chart generated SUCCESSFULLY
2020-06-12 16:48:13,223:plotManager:Folder already exists.
Traceback (most recent call last):
  File "/home/vivek/PycharmProjects/chatbot/plotManager.py", line 31, in bar_plot
    os.mkdir(path)
FileExistsError: [Errno 17] File exists: 'static/images/0aa47b7e-d58d-d972-ed9a-a4daf3169eec'
2020-06-12 16:48:13,649:plotManager:Total Confirmed Cases bar chart generated SUCCESSFULLY
2020-06-12 16:48:13,811:plotManager:Folder already exists.
Traceback (most recent call last):
  File "/home/vivek/PycharmProjects/chatbot/plotManager.py", line 31, in bar_plot
    os.mkdir(path)
FileExistsError: [Errno 17] File exists: 'static/images/0aa47b7e-d58d-d972-ed9a-a4daf3169eec'
2020-06-12 16:48:14,218:plotManager:Total Active Cases bar chart generated SUCCESSFULLY
2020-06-12 16:48:14,436:plotManager:Folder already exists.
Traceback (most recent call last):
  File "/home/vivek/PycharmProjects/chatbot/plotManager.py", line 31, in bar_plot
    os.mkdir(path)
FileExistsError: [Errno 17] File exists: 'static/images/0aa47b7e-d58d-d972-ed9a-a4daf3169eec'
2020-06-12 16:48:14,856:plotManager:Total Recovered bar chart generated SUCCESSFULLY
2020-06-12 16:48:15,024:plotManager:Folder already exists.
Traceback (most recent call last):
  File "/home/vivek/PycharmProjects/chatbot/plotManager.py", line 31, in bar_plot
    os.mkdir(path)
FileExistsError: [Errno 17] File exists: 'static/images/0aa47b7e-d58d-d972-ed9a-a4daf3169eec'
2020-06-12 16:48:15,447:plotManager:Total Deaths bar chart generated SUCCESSFULLY
2020-06-12 16:53:52,273:plotManager:Folder already exists.
Traceback (most recent call last):
  File "/home/vivek/PycharmProjects/chatbot/plotManager.py", line 60, in donut_chart
    os.mkdir(path)
FileExistsError: [Errno 17] File exists: 'static/images/0aa47b7e-d58d-d972-ed9a-a4daf3169eec'
2020-06-12 16:53:52,370:plotManager:India donut chart generated SUCCESSFULLY
2020-06-12 16:53:52,969:plotManager:Folder already exists.
Traceback (most recent call last):
  File "/home/vivek/PycharmProjects/chatbot/plotManager.py", line 31, in bar_plot
    os.mkdir(path)
FileExistsError: [Errno 17] File exists: 'static/images/0aa47b7e-d58d-d972-ed9a-a4daf3169eec'
2020-06-12 16:53:53,381:plotManager:Daily Confirmed Cases bar chart generated SUCCESSFULLY
2020-06-12 16:53:53,536:plotManager:Folder already exists.
Traceback (most recent call last):
  File "/home/vivek/PycharmProjects/chatbot/plotManager.py", line 31, in bar_plot
    os.mkdir(path)
FileExistsError: [Errno 17] File exists: 'static/images/0aa47b7e-d58d-d972-ed9a-a4daf3169eec'
2020-06-12 16:53:53,949:plotManager:Daily Active Cases bar chart generated SUCCESSFULLY
2020-06-12 16:53:54,119:plotManager:Folder already exists.
Traceback (most recent call last):
  File "/home/vivek/PycharmProjects/chatbot/plotManager.py", line 31, in bar_plot
    os.mkdir(path)
FileExistsError: [Errno 17] File exists: 'static/images/0aa47b7e-d58d-d972-ed9a-a4daf3169eec'
2020-06-12 16:53:54,537:plotManager:Daily Recovered bar chart generated SUCCESSFULLY
2020-06-12 16:53:54,766:plotManager:Folder already exists.
Traceback (most recent call last):
  File "/home/vivek/PycharmProjects/chatbot/plotManager.py", line 31, in bar_plot
    os.mkdir(path)
FileExistsError: [Errno 17] File exists: 'static/images/0aa47b7e-d58d-d972-ed9a-a4daf3169eec'
2020-06-12 16:53:55,193:plotManager:Daily Deaths bar chart generated SUCCESSFULLY
2020-06-12 16:55:07,200:plotManager:Folder already exists.
Traceback (most recent call last):
  File "/home/vivek/PycharmProjects/chatbot/plotManager.py", line 60, in donut_chart
    os.mkdir(path)
FileExistsError: [Errno 17] File exists: 'static/images/0aa47b7e-d58d-d972-ed9a-a4daf3169eec'
2020-06-12 16:55:07,296:plotManager:Total World Cases donut chart generated SUCCESSFULLY
